<?xml version="1.0" encoding="UTF-8"?>
<!-- Generated by org.testng.reporters.JUnitXMLReporter -->
<testsuite ignored="0" hostname="GUR00184446L" failures="0" tests="26" name="Unit Test Cases" time="0.199" errors="0" timestamp="2021-01-31T22:20:30 IST">
  <testcase classname="com.unitTestArithmetic.qa.testcases.AddFunctionTest" name="addTest1" time="0.013"/>
  <testcase classname="com.unitTestArithmetic.qa.testcases.AddFunctionTest" name="addTest2" time="0.002"/>
  <testcase classname="com.unitTestArithmetic.qa.testcases.AddFunctionTest" name="addTest3" time="0.003"/>
  <testcase classname="com.unitTestArithmetic.qa.testcases.AddFunctionTest" name="addTest4" time="0.002"/>
  <testcase classname="com.unitTestArithmetic.qa.testcases.AddFunctionTest" name="addTest5" time="0.001"/>
  <testcase classname="com.unitTestArithmetic.qa.testcases.AddFunctionTest" name="addTest6" time="0.002"/>
  <testcase classname="com.unitTestArithmetic.qa.testcases.AddFunctionTest" name="addTest7" time="0.001"/>
  <testcase classname="com.unitTestArithmetic.qa.testcases.DivideFunctionTest" name="addTest1" time="0.002"/>
  <testcase classname="com.unitTestArithmetic.qa.testcases.DivideFunctionTest" name="addTest2" time="0.002"/>
  <testcase classname="com.unitTestArithmetic.qa.testcases.DivideFunctionTest" name="addTest3" time="0.002"/>
  <testcase classname="com.unitTestArithmetic.qa.testcases.DivideFunctionTest" name="addTest4" time="0.003"/>
  <testcase classname="com.unitTestArithmetic.qa.testcases.DivideFunctionTest" name="addTest5" time="0.002"/>
  <testcase classname="com.unitTestArithmetic.qa.testcases.DivideFunctionTest" name="addTest6" time="0.002"/>
  <testcase classname="com.unitTestArithmetic.qa.testcases.DivideFunctionTest" name="addTest7" time="0.002"/>
  <testcase classname="com.unitTestArithmetic.qa.testcases.MultiplyFunctionTest" name="addTest1" time="0.003"/>
  <testcase classname="com.unitTestArithmetic.qa.testcases.MultiplyFunctionTest" name="addTest2" time="0.002"/>
  <testcase classname="com.unitTestArithmetic.qa.testcases.MultiplyFunctionTest" name="addTest3" time="0.01"/>
  <testcase classname="com.unitTestArithmetic.qa.testcases.MultiplyFunctionTest" name="addTest4" time="0.002"/>
  <testcase classname="com.unitTestArithmetic.qa.testcases.MultiplyFunctionTest" name="addTest5" time="0.001"/>
  <testcase classname="com.unitTestArithmetic.qa.testcases.SubtractFunctionTest" name="addTest1" time="0.002"/>
  <testcase classname="com.unitTestArithmetic.qa.testcases.SubtractFunctionTest" name="addTest2" time="0.002"/>
  <testcase classname="com.unitTestArithmetic.qa.testcases.SubtractFunctionTest" name="addTest3" time="0.003"/>
  <testcase classname="com.unitTestArithmetic.qa.testcases.SubtractFunctionTest" name="addTest4" time="0.002"/>
  <testcase classname="com.unitTestArithmetic.qa.testcases.SubtractFunctionTest" name="addTest5" time="0.001"/>
  <testcase classname="com.unitTestArithmetic.qa.testcases.SubtractFunctionTest" name="addTest6" time="0.001"/>
  <testcase classname="com.unitTestArithmetic.qa.testcases.SubtractFunctionTest" name="addTest7" time="0.001"/>
</testsuite> <!-- Unit Test Cases -->
