<?xml version="1.0" encoding="UTF-8"?>
<!-- Generated by org.testng.reporters.JUnitXMLReporter -->
<testsuite ignored="0" hostname="GUR00184446L" failures="0" tests="7" name="Default test" time="0.09" errors="0" timestamp="2021-01-31T22:09:20 IST">
  <testcase classname="com.unitTestArithmetic.qa.testcases.SubtractFunctionTest" name="addTest1" time="0.012"/>
  <testcase classname="com.unitTestArithmetic.qa.testcases.SubtractFunctionTest" name="addTest2" time="0.003"/>
  <testcase classname="com.unitTestArithmetic.qa.testcases.SubtractFunctionTest" name="addTest3" time="0.002"/>
  <testcase classname="com.unitTestArithmetic.qa.testcases.SubtractFunctionTest" name="addTest4" time="0.002"/>
  <testcase classname="com.unitTestArithmetic.qa.testcases.SubtractFunctionTest" name="addTest5" time="0.001"/>
  <testcase classname="com.unitTestArithmetic.qa.testcases.SubtractFunctionTest" name="addTest6" time="0.001"/>
  <testcase classname="com.unitTestArithmetic.qa.testcases.SubtractFunctionTest" name="addTest7" time="0.002"/>
</testsuite> <!-- Default test -->
